2023-06-24 19:33:59,780 [INFO] MainUpdater:2854 - connection check result : 10
2023-06-24 19:33:59,798 [INFO] MainUpdater:2854 - connection check result : 10
2023-06-24 19:34:00,457 [INFO] MicroXplorer:468 - Change Database Path : 
2023-06-24 19:34:00,458 [INFO] MicroXplorer:498 - Change Database Version : DB.6.0.81
2023-06-24 19:34:00,603 [WARN] ThirdParty:871 - waiting for thirdparty lock release [close project]
2023-06-24 19:34:00,603 [INFO] ThirdParty:873 - entering critical section [close project]
2023-06-24 19:34:00,603 [INFO] ThirdParty:883 - exiting critical section [close project]
2023-06-24 19:34:00,607 [INFO] PinOutPanel:1499 - setPackage(No Configuration,No Configuration)
2023-06-24 19:34:00,688 [WARN] IpParametersView:150 - Warning: This peripheral hasn't parameters
2023-06-24 19:34:00,757 [WARN] MainPanel:257 - <html><b><center>Warning: This peripheral has no parameters to be configured<br></b></html>
2023-06-24 19:34:00,765 [INFO] UtilMem:75 - Begin LoadConfig() Used Memory: 457243256 Bytes (720371712)
2023-06-24 19:34:00,768 [INFO] MicroXplorer:468 - Change Database Path : 
2023-06-24 19:34:00,768 [INFO] MicroXplorer:498 - Change Database Version : DB.6.0.81
2023-06-24 19:34:00,769 [INFO] OpenFileManager:308 - Change cursor
2023-06-24 19:34:00,793 [INFO] Mcu:1937 - Initializing MCU STM32F401R(D-E)Tx STM32F401RETx STM32F401RET6
2023-06-24 19:34:01,489 [INFO] Context:659 - Trying to add GPIOservice into a context  which must be forbidden
2023-06-24 19:34:02,165 [INFO] RtosManager:555 - Registered RTOS mode: class=CMSIS, group=RTOS, mode=CMSIS_V1, owner=FREERTOS
2023-06-24 19:34:02,169 [INFO] RtosManager:555 - Registered RTOS mode: class=CMSIS, group=RTOS2, mode=CMSIS_V2, owner=FREERTOS
2023-06-24 19:34:02,169 [INFO] RtosManager:555 - Registered RTOS mode: class=RTOS, group=Core, mode=CMSIS_V1, owner=FREERTOS
2023-06-24 19:34:02,169 [INFO] RtosManager:555 - Registered RTOS mode: class=RTOS, group=Core, mode=CMSIS_V2, owner=FREERTOS
2023-06-24 19:34:02,169 [WARN] ModelIntegratedComponent:184 - Missing modes for component STMicroelectronics:FreeRTOS:0.0.1:STMicroelectronics:RTOS:FreeRTOS:Core:::10.2.0:
2023-06-24 19:34:02,175 [WARN] ModelIntegratedComponent:63 - No mode defined for component null
2023-06-24 19:34:02,175 [WARN] ModelIntegratedComponent:63 - No mode defined for component null
2023-06-24 19:34:02,175 [WARN] ModelIntegratedComponent:63 - No mode defined for component null
2023-06-24 19:34:02,175 [WARN] ModelIntegratedComponent:63 - No mode defined for component null
2023-06-24 19:34:02,175 [WARN] ModelIntegratedComponent:63 - No mode defined for component null
2023-06-24 19:34:02,175 [WARN] ModelIntegratedComponent:63 - No mode defined for component null
2023-06-24 19:34:02,175 [WARN] ModelIntegratedComponent:63 - No mode defined for component null
2023-06-24 19:34:02,175 [WARN] ModelIntegratedComponent:63 - No mode defined for component null
2023-06-24 19:34:02,175 [WARN] ModelIntegratedComponent:63 - No mode defined for component null
2023-06-24 19:34:02,175 [WARN] ModelIntegratedComponent:63 - No mode defined for component null
2023-06-24 19:34:02,175 [WARN] ModelIntegratedComponent:63 - No mode defined for component null
2023-06-24 19:34:02,175 [WARN] ModelIntegratedComponent:63 - No mode defined for component null
2023-06-24 19:34:02,175 [WARN] ModelIntegratedComponent:63 - No mode defined for component null
2023-06-24 19:34:02,175 [WARN] ModelIntegratedComponent:63 - No mode defined for component null
2023-06-24 19:34:02,175 [WARN] ModelIntegratedComponent:63 - No mode defined for component null
2023-06-24 19:34:02,175 [WARN] ModelIntegratedComponent:63 - No mode defined for component null
2023-06-24 19:34:02,175 [WARN] ModelIntegratedComponent:63 - No mode defined for component null
2023-06-24 19:34:02,175 [WARN] ModelIntegratedComponent:63 - No mode defined for component null
2023-06-24 19:34:02,175 [WARN] ModelIntegratedComponent:63 - No mode defined for component null
2023-06-24 19:34:02,175 [WARN] ModelIntegratedComponent:63 - No mode defined for component null
2023-06-24 19:34:02,175 [WARN] ModelIntegratedComponent:63 - No mode defined for component null
2023-06-24 19:34:02,175 [WARN] ModelIntegratedComponent:63 - No mode defined for component null
2023-06-24 19:34:02,175 [WARN] ModelIntegratedComponent:63 - No mode defined for component null
2023-06-24 19:34:02,175 [WARN] ModelIntegratedComponent:63 - No mode defined for component null
2023-06-24 19:34:02,175 [WARN] ModelIntegratedComponent:63 - No mode defined for component null
2023-06-24 19:34:02,175 [WARN] ModelIntegratedComponent:63 - No mode defined for component null
2023-06-24 19:34:02,175 [WARN] ModelIntegratedComponent:63 - No mode defined for component null
2023-06-24 19:34:02,175 [WARN] ModelIntegratedComponent:63 - No mode defined for component null
2023-06-24 19:34:02,175 [WARN] ModelIntegratedComponent:63 - No mode defined for component null
2023-06-24 19:34:02,175 [WARN] ModelIntegratedComponent:63 - No mode defined for component null
2023-06-24 19:34:02,175 [WARN] ModelIntegratedComponent:63 - No mode defined for component null
2023-06-24 19:34:02,175 [WARN] ModelIntegratedComponent:63 - No mode defined for component null
2023-06-24 19:34:02,175 [WARN] ModelIntegratedComponent:63 - No mode defined for component null
2023-06-24 19:34:02,183 [INFO] ThirdPartyModel:298 - Start build external matchings
2023-06-24 19:34:02,402 [INFO] ThirdPartyModel:316 - End build external matchings
2023-06-24 19:34:02,419 [INFO] ImportTextPane:194 - (OptionalMessage_ERROR) IP (RCC) : Parameter (RTCHSEDivFreq_Value) has invalid value (4000000)
2023-06-24 19:34:02,585 [INFO] UtilMem:75 - End LoadConfig() Used Memory: 523521512 Bytes (720371712)
2023-06-24 19:34:02,647 [WARN] ThirdParty:833 - waiting for thirdparty lock release [change project]
2023-06-24 19:34:02,651 [INFO] ThirdParty:835 - entering critical section [change project]
2023-06-24 19:34:02,651 [INFO] ThirdParty:1030 - CMSIS Pack Vendor :STMicroelectronics X-CUBE-ISPU 1.1.0
2023-06-24 19:34:02,651 [INFO] ThirdParty:1030 - CMSIS Pack Vendor :STMicroelectronics X-CUBE-GNSS1 6.0.0
2023-06-24 19:34:02,651 [INFO] ThirdParty:1030 - CMSIS Pack Vendor :STMicroelectronics USB_HOST 2.0.0
2023-06-24 19:34:02,651 [INFO] ThirdParty:1030 - CMSIS Pack Vendor :STMicroelectronics X-CUBE-AZRTOS-F4 1.1.0
2023-06-24 19:34:02,651 [INFO] ThirdParty:1030 - CMSIS Pack Vendor :STMicroelectronics LIBJPEG 8.0.0
2023-06-24 19:34:02,651 [INFO] ThirdParty:1030 - CMSIS Pack Vendor :STMicroelectronics X-CUBE-SMBUS 2.1.0
2023-06-24 19:34:02,651 [INFO] ThirdParty:1030 - CMSIS Pack Vendor :wolfSSL I-CUBE-wolfSSL 5.6.0
2023-06-24 19:34:02,651 [INFO] ThirdParty:1030 - CMSIS Pack Vendor :STMicroelectronics USB_DEVICE 3.0.0
2023-06-24 19:34:02,651 [INFO] ThirdParty:1030 - CMSIS Pack Vendor :STMicroelectronics X-CUBE-FREERTOS 1.0.1
2023-06-24 19:34:02,651 [INFO] ThirdParty:1030 - CMSIS Pack Vendor :STMicroelectronics X-CUBE-AZRTOS-F7 1.1.0
2023-06-24 19:34:02,651 [INFO] ThirdParty:1030 - CMSIS Pack Vendor :STMicroelectronics X-CUBE-TOUCHGFX 4.21.4
2023-06-24 19:34:02,651 [INFO] ThirdParty:1030 - CMSIS Pack Vendor :STMicroelectronics USB_DEVICE 2.0.0
2023-06-24 19:34:02,651 [INFO] ThirdParty:1030 - CMSIS Pack Vendor :STMicroelectronics X-CUBE-MEMS1 9.6.0
2023-06-24 19:34:02,651 [INFO] ThirdParty:1030 - CMSIS Pack Vendor :STMicroelectronics FP-SNS-MOTENV1 4.3.1
2023-06-24 19:34:02,651 [INFO] ThirdParty:1030 - CMSIS Pack Vendor :STMicroelectronics FP-SNS-FLIGHT1 5.0.1
2023-06-24 19:34:02,651 [INFO] ThirdParty:1030 - CMSIS Pack Vendor :STMicroelectronics X-CUBE-ALGOBUILD 1.3.0
2023-06-24 19:34:02,651 [INFO] ThirdParty:1030 - CMSIS Pack Vendor :STMicroelectronics X-CUBE-BLE1 6.2.4
2023-06-24 19:34:02,651 [INFO] ThirdParty:1030 - CMSIS Pack Vendor :STMicroelectronics X-CUBE-AZRTOS-L5 1.1.0
2023-06-24 19:34:02,651 [INFO] ThirdParty:1030 - CMSIS Pack Vendor :STMicroelectronics FreeRTOS 0.0.1
2023-06-24 19:34:02,651 [INFO] ThirdParty:1030 - CMSIS Pack Vendor :STMicroelectronics X-CUBE-AZRTOS-G0 1.1.0
2023-06-24 19:34:02,651 [INFO] ThirdParty:1030 - CMSIS Pack Vendor :emotas I-CUBE-CANOPEN 1.1.3
2023-06-24 19:34:02,652 [INFO] ThirdParty:1030 - CMSIS Pack Vendor :STMicroelectronics X-CUBE-BLEMGR 2.0.0
2023-06-24 19:34:02,652 [INFO] ThirdParty:1030 - CMSIS Pack Vendor :STMicroelectronics X-CUBE-AI 8.0.1
2023-06-24 19:34:02,652 [INFO] ThirdParty:1030 - CMSIS Pack Vendor :STMicroelectronics X-CUBE-NFC4 3.0.0
2023-06-24 19:34:02,652 [INFO] ThirdParty:1030 - CMSIS Pack Vendor :STMicroelectronics X-CUBE-SUBG2 5.0.0
2023-06-24 19:34:02,652 [INFO] ThirdParty:1030 - CMSIS Pack Vendor :STMicroelectronics STM32_WPAN 1.0.0
2023-06-24 19:34:02,652 [INFO] ThirdParty:1030 - CMSIS Pack Vendor :STMicroelectronics lwIP 2.0.3
2023-06-24 19:34:02,652 [INFO] ThirdParty:1030 - CMSIS Pack Vendor :STMicroelectronics USB_HOST 1.0.0
2023-06-24 19:34:02,652 [INFO] ThirdParty:1030 - CMSIS Pack Vendor :STMicroelectronics X-CUBE-AZRTOS-G4 2.0.0
2023-06-24 19:34:02,652 [INFO] ThirdParty:1030 - CMSIS Pack Vendor :STMicroelectronics PDM2PCM 3.1.0
2023-06-24 19:34:02,652 [INFO] ThirdParty:1030 - CMSIS Pack Vendor :STMicroelectronics X-CUBE-AZRTOS-H7 3.1.0
2023-06-24 19:34:02,652 [INFO] ThirdParty:1030 - CMSIS Pack Vendor :STMicroelectronics X-CUBE-TOF1 3.3.0
2023-06-24 19:34:02,652 [INFO] ThirdParty:1030 - CMSIS Pack Vendor :STMicroelectronics PDM2PCM 3.3.0
2023-06-24 19:34:02,652 [INFO] ThirdParty:1030 - CMSIS Pack Vendor :STMicroelectronics X-CUBE-DISPLAY 3.0.0
2023-06-24 19:34:02,652 [INFO] ThirdParty:1030 - CMSIS Pack Vendor :STMicroelectronics FP-ATR-SIGFOX1 3.2.0
2023-06-24 19:34:02,652 [INFO] ThirdParty:1030 - CMSIS Pack Vendor :STMicroelectronics HAL Drivers 0.0.0
2023-06-24 19:34:02,652 [INFO] ThirdParty:1030 - CMSIS Pack Vendor :STMicroelectronics MBEDTLS 2.16.2
2023-06-24 19:34:02,652 [INFO] ThirdParty:1030 - CMSIS Pack Vendor :STMicroelectronics X-CUBE-NFC7 1.0.1
2023-06-24 19:34:02,652 [INFO] ThirdParty:1030 - CMSIS Pack Vendor :STMicroelectronics MBEDTLS 2.14.1
2023-06-24 19:34:02,652 [INFO] ThirdParty:1030 - CMSIS Pack Vendor :STMicroelectronics X-CUBE-NFC7 1.0.0
2023-06-24 19:34:02,652 [INFO] ThirdParty:1030 - CMSIS Pack Vendor :STMicroelectronics X-CUBE-EEPRMA1 4.1.0
2023-06-24 19:34:02,652 [INFO] ThirdParty:1030 - CMSIS Pack Vendor :portGmbH I-Cube-SoM-uGOAL 1.1.0
2023-06-24 19:34:02,652 [INFO] ThirdParty:1030 - CMSIS Pack Vendor :STMicroelectronics X-CUBE-ALS 1.0.1
2023-06-24 19:34:02,652 [INFO] ThirdParty:1030 - CMSIS Pack Vendor :STMicroelectronics ThreadX 1.0.0
2023-06-24 19:34:02,652 [INFO] ThirdParty:1030 - CMSIS Pack Vendor :STMicroelectronics X-CUBE-AZRTOS-WB 1.1.0
2023-06-24 19:34:02,652 [INFO] ThirdParty:1030 - CMSIS Pack Vendor :STMicroelectronics X-CUBE-AZRTOS-WL 2.0.0
2023-06-24 19:34:02,652 [INFO] ThirdParty:1030 - CMSIS Pack Vendor :SEGGER I-CUBE-embOS 1.3.1
2023-06-24 19:34:02,652 [INFO] ThirdParty:1030 - CMSIS Pack Vendor :STMicroelectronics USB_DEVICE 1.0.0
2023-06-24 19:34:02,652 [INFO] ThirdParty:1030 - CMSIS Pack Vendor :STMicroelectronics X-CUBE-AZRTOS-L4 2.0.0
2023-06-24 19:34:02,652 [INFO] ThirdParty:1030 - CMSIS Pack Vendor :STMicroelectronics ThreadX 0.0.2
2023-06-24 19:34:02,652 [INFO] ThirdParty:1030 - CMSIS Pack Vendor :WES I-CUBE-Cesium 1.3.0
2023-06-24 19:34:02,652 [INFO] ThirdParty:1030 - CMSIS Pack Vendor :STMicroelectronics FP-ATR-ASTRA1 2.0.0
2023-06-24 19:34:02,652 [INFO] ThirdParty:1030 - CMSIS Pack Vendor :STMicroelectronics lwIP 2.1.2
2023-06-24 19:34:02,652 [INFO] ThirdParty:1030 - CMSIS Pack Vendor :STMicroelectronics X-CUBE-SFXS2LP1 4.0.0
2023-06-24 19:34:02,652 [INFO] ThirdParty:1030 - CMSIS Pack Vendor :STMicroelectronics X-CUBE-BLE2 3.3.0
2023-06-24 19:34:02,652 [INFO] ThirdParty:1030 - CMSIS Pack Vendor :STMicroelectronics PDM2PCM 3.2.0
2023-06-24 19:34:02,653 [INFO] ThirdParty:841 - exiting critical section [change project]
2023-06-24 19:34:02,970 [INFO] PinOutPanel:1499 - setPackage(No Configuration,No Configuration)
2023-06-24 19:34:02,973 [INFO] PinOutPanel:1499 - setPackage(STM32F401RETx,LQFP64)
2023-06-24 19:34:03,508 [INFO] UtilMem:75 - Before build in PCC Used Memory: 296068568 Bytes (720371712)
2023-06-24 19:34:03,824 [INFO] UtilMem:75 - After build in PCC Used Memory: 339586520 Bytes (720371712)
2023-06-24 19:34:03,849 [INFO] IPUIPlugin:80 - create IPUIPlugin
2023-06-24 19:34:03,849 [INFO] IPUIPlugin:80 - create IPUIPlugin
2023-06-24 19:34:03,849 [INFO] IPUIPlugin:80 - create IPUIPlugin
2023-06-24 19:34:03,849 [INFO] IPUIPlugin:80 - create IPUIPlugin
2023-06-24 19:34:03,849 [INFO] IPUIPlugin:80 - create IPUIPlugin
2023-06-24 19:34:03,850 [INFO] IPUIPlugin:80 - create IPUIPlugin
2023-06-24 19:34:03,850 [INFO] IPUIPlugin:80 - create IPUIPlugin
2023-06-24 19:34:03,850 [INFO] IPUIPlugin:80 - create IPUIPlugin
2023-06-24 19:34:03,850 [INFO] IPUIPlugin:80 - create IPUIPlugin
2023-06-24 19:34:03,850 [INFO] IPUIPlugin:80 - create IPUIPlugin
2023-06-24 19:34:03,850 [INFO] IPUIPlugin:80 - create IPUIPlugin
2023-06-24 19:34:03,850 [INFO] IPUIPlugin:80 - create IPUIPlugin
2023-06-24 19:34:03,850 [INFO] IPUIPlugin:80 - create IPUIPlugin
2023-06-24 19:34:03,850 [INFO] IPUIPlugin:80 - create IPUIPlugin
2023-06-24 19:34:03,851 [INFO] IPUIPlugin:80 - create IPUIPlugin
2023-06-24 19:34:03,851 [INFO] IPUIPlugin:80 - create IPUIPlugin
2023-06-24 19:34:03,851 [INFO] IPUIPlugin:80 - create IPUIPlugin
2023-06-24 19:34:03,851 [INFO] IPUIPlugin:80 - create IPUIPlugin
2023-06-24 19:34:03,851 [INFO] IPUIPlugin:80 - create IPUIPlugin
2023-06-24 19:34:03,851 [INFO] IPUIPlugin:80 - create IPUIPlugin
2023-06-24 19:34:03,851 [INFO] IPUIPlugin:80 - create IPUIPlugin
2023-06-24 19:34:03,851 [INFO] IPUIPlugin:80 - create IPUIPlugin
2023-06-24 19:34:03,851 [INFO] IPUIPlugin:80 - create IPUIPlugin
2023-06-24 19:34:03,852 [INFO] IPUIPlugin:80 - create IPUIPlugin
2023-06-24 19:34:03,852 [INFO] IPUIPlugin:80 - create IPUIPlugin
2023-06-24 19:34:03,852 [INFO] IPUIPlugin:80 - create IPUIPlugin
2023-06-24 19:34:03,854 [INFO] IPUIPlugin:80 - create IPUIPlugin
2023-06-24 19:34:03,854 [INFO] IPUIPlugin:80 - create IPUIPlugin
2023-06-24 19:34:03,854 [INFO] IPUIPlugin:80 - create IPUIPlugin
2023-06-24 19:34:03,854 [INFO] IPUIPlugin:80 - create IPUIPlugin
2023-06-24 19:34:03,854 [INFO] IPUIPlugin:80 - create IPUIPlugin
2023-06-24 19:34:03,854 [INFO] IPUIPlugin:80 - create IPUIPlugin
2023-06-24 19:34:03,854 [INFO] IPUIPlugin:80 - create IPUIPlugin
2023-06-24 19:34:03,855 [INFO] IPUIPlugin:80 - create IPUIPlugin
2023-06-24 19:34:03,855 [INFO] IPUIPlugin:80 - create IPUIPlugin
2023-06-24 19:34:03,855 [INFO] IPUIPlugin:80 - create IPUIPlugin
2023-06-24 19:34:03,855 [INFO] IPUIPlugin:80 - create IPUIPlugin
2023-06-24 19:34:03,855 [INFO] IPUIPlugin:80 - create IPUIPlugin
2023-06-24 19:34:03,868 [INFO] ApiDbMcu:507 - Load IP Config File for PDM2PCM
2023-06-24 19:34:03,928 [INFO] CADModel:165 - CPN selected for project levelSTM32F401RET6
2023-06-24 19:34:03,928 [INFO] CADModel:114 - Register for checkConnection events
2023-06-24 19:34:03,977 [INFO] OpenFileManager:328 - Restore cursor
